<?xml version="1.0" encoding="UTF-8"?>
<!-- Generated by org.testng.reporters.JUnitXMLReporter -->
<testsuite ignored="0" hostname="DESKTOP-GH4MG5E" failures="1" tests="2" name="RegisterThenLoginTest" time="24.902" errors="0" timestamp="2025-08-21T22:23:08 IST">
  <testcase classname="tests.RegisterTest" name="testRegister" time="4.888"/>
  <testcase classname="tests.LoginTest" name="testValidLogin" time="4.83">
    <failure type="java.lang.AssertionError" message="expected [true] but found [false]">
      <![CDATA[java.lang.AssertionError: expected [true] but found [false]
at tests.LoginTest.testValidLogin(LoginTest.java:21)
at java.base/java.util.ArrayList.forEach(ArrayList.java:1596)
... Removed 29 stack frames]]>
    </failure>
  </testcase> <!-- testValidLogin -->
</testsuite> <!-- RegisterThenLoginTest -->
